<?xml version="1.0" encoding="UTF-8"?>
<testng-results ignored="0" total="2" passed="2" failed="0" skipped="0">
  <reporter-output>
  </reporter-output>
  <suite started-at="2024-10-17T20:18:14 IST" name="Master Suite" finished-at="2024-10-17T20:18:29 IST" duration-ms="14651">
    <groups>
      <group name="Master">
        <method signature="TC001_AccountregistrationTest.test_account_Registration()[pri:0, instance:testCases.TC001_AccountregistrationTest@4ae9cfc1]" name="test_account_Registration" class="testCases.TC001_AccountregistrationTest"/>
      </group> <!-- Master -->
      <group name="Sanity">
        <method signature="TC002_LoginTest.Verify_Login()[pri:0, instance:testCases.TC002_LoginTest@1c93f6e1]" name="Verify_Login" class="testCases.TC002_LoginTest"/>
      </group> <!-- Sanity -->
      <group name="Regression">
        <method signature="TC001_AccountregistrationTest.test_account_Registration()[pri:0, instance:testCases.TC001_AccountregistrationTest@4ae9cfc1]" name="test_account_Registration" class="testCases.TC001_AccountregistrationTest"/>
      </group> <!-- Regression -->
    </groups>
    <test started-at="2024-10-17T20:18:14 IST" name="Test" finished-at="2024-10-17T20:18:29 IST" duration-ms="14651">
      <class name="testCases.TC002_LoginTest">
        <test-method is-config="true" signature="setup(java.lang.String,java.lang.String)[pri:0, instance:testCases.TC002_LoginTest@1c93f6e1]" started-at="2024-10-17T20:18:24 IST" name="setup" finished-at="2024-10-17T20:18:27 IST" duration-ms="3214" status="PASS">
          <params>
            <param index="0">
              <value>
                <![CDATA[Windows]]>
              </value>
            </param>
            <param index="1">
              <value>
                <![CDATA[chrome]]>
              </value>
            </param>
          </params>
          <reporter-output>
          </reporter-output>
        </test-method> <!-- setup -->
        <test-method signature="Verify_Login()[pri:0, instance:testCases.TC002_LoginTest@1c93f6e1]" started-at="2024-10-17T20:18:27 IST" name="Verify_Login" finished-at="2024-10-17T20:18:29 IST" duration-ms="1931" status="PASS">
          <reporter-output>
          </reporter-output>
        </test-method> <!-- Verify_Login -->
        <test-method is-config="true" signature="tearDown()[pri:0, instance:testCases.TC002_LoginTest@1c93f6e1]" started-at="2024-10-17T20:18:29 IST" name="tearDown" finished-at="2024-10-17T20:18:29 IST" duration-ms="0" status="PASS">
          <reporter-output>
          </reporter-output>
        </test-method> <!-- tearDown -->
      </class> <!-- testCases.TC002_LoginTest -->
      <class name="testCases.TC001_AccountregistrationTest">
        <test-method is-config="true" signature="setup(java.lang.String,java.lang.String)[pri:0, instance:testCases.TC001_AccountregistrationTest@4ae9cfc1]" started-at="2024-10-17T20:18:15 IST" name="setup" finished-at="2024-10-17T20:18:19 IST" duration-ms="4240" status="PASS">
          <params>
            <param index="0">
              <value>
                <![CDATA[Windows]]>
              </value>
            </param>
            <param index="1">
              <value>
                <![CDATA[chrome]]>
              </value>
            </param>
          </params>
          <reporter-output>
          </reporter-output>
        </test-method> <!-- setup -->
        <test-method signature="test_account_Registration()[pri:0, instance:testCases.TC001_AccountregistrationTest@4ae9cfc1]" started-at="2024-10-17T20:18:19 IST" name="test_account_Registration" finished-at="2024-10-17T20:18:24 IST" duration-ms="4968" status="PASS">
          <reporter-output>
          </reporter-output>
        </test-method> <!-- test_account_Registration -->
        <test-method is-config="true" signature="tearDown()[pri:0, instance:testCases.TC001_AccountregistrationTest@4ae9cfc1]" started-at="2024-10-17T20:18:24 IST" name="tearDown" finished-at="2024-10-17T20:18:24 IST" duration-ms="0" status="PASS">
          <reporter-output>
          </reporter-output>
        </test-method> <!-- tearDown -->
      </class> <!-- testCases.TC001_AccountregistrationTest -->
    </test> <!-- Test -->
  </suite> <!-- Master Suite -->
</testng-results>
